<?xml version="1.0" encoding="UTF-8"?>
<testng-results ignored="0" total="1" passed="1" failed="0" skipped="0">
  <reporter-output>
  </reporter-output>
  <suite started-at="2022-03-30T16:44:29 IST" name="Default suite" finished-at="2022-03-30T16:44:46 IST" duration-ms="16642">
    <groups>
    </groups>
    <test started-at="2022-03-30T16:44:29 IST" name="Default test" finished-at="2022-03-30T16:44:46 IST" duration-ms="16642">
      <class name="testscripts.CustomersTest">
        <test-method signature="test()[pri:0, instance:testscripts.CustomersTest@41e1e210]" started-at="2022-03-30T16:44:29 IST" name="test" finished-at="2022-03-30T16:44:46 IST" duration-ms="16566" status="PASS">
          <reporter-output>
          </reporter-output>
        </test-method> <!-- test -->
      </class> <!-- testscripts.CustomersTest -->
    </test> <!-- Default test -->
  </suite> <!-- Default suite -->
</testng-results>
